<?xml version="1.0" encoding="UTF-8"?>
<!-- Generated by org.testng.reporters.JUnitReportReporter -->
<testsuite skipped="1" hostname="DESKTOP-JULTTG6" name="utils.test_ASM1_Login" tests="2" failures="0" timestamp="19 Oct 2020 16:13:24 GMT" time="2.727" errors="0">
  <testcase name="lauchBrowser" time="2.727" classname="utils.test_ASM1_Login"/>
  <testcase name="testdata" time="0.000" classname="utils.test_ASM1_Login">
    <skipped/>
  </testcase> <!-- testdata -->
</testsuite> <!-- utils.test_ASM1_Login -->
