<?xml version="1.0" encoding="UTF-8"?>
<!-- Generated by org.testng.reporters.JUnitReportReporter -->
<testsuite skipped="0" hostname="DESKTOP-JULTTG6" name="testNG.test_ASM1_User_Delete" tests="2" failures="0" timestamp="21 Oct 2020 13:50:41 GMT" time="3.508" errors="0">
  <testcase name="lauchBrowser" time="2.821" classname="testNG.test_ASM1_User_Delete"/>
  <testcase name="do_Delete" time="0.687" classname="testNG.test_ASM1_User_Delete"/>
</testsuite> <!-- testNG.test_ASM1_User_Delete -->
