<?xml version="1.0" encoding="UTF-8"?>
<!-- Generated by org.testng.reporters.JUnitReportReporter -->
<testsuite skipped="0" hostname="DESKTOP-JULTTG6" name="utils.test_ASM1_User_Insert" tests="4" failures="0" timestamp="21 Oct 2020 12:46:30 GMT" time="29.651" errors="0">
  <testcase name="lauchBrowser" time="3.109" classname="utils.test_ASM1_User_Insert"/>
  <testcase name="do_Insert" time="9.229" classname="utils.test_ASM1_User_Insert"/>
  <testcase name="do_Insert" time="8.626" classname="utils.test_ASM1_User_Insert"/>
  <testcase name="do_Insert" time="8.687" classname="utils.test_ASM1_User_Insert"/>
</testsuite> <!-- utils.test_ASM1_User_Insert -->
