<?xml version="1.0" encoding="UTF-8"?>
<!-- Generated by org.testng.reporters.JUnitReportReporter -->
<testsuite skipped="1" hostname="DESKTOP-JULTTG6" name="utils.ExcelDataProvider" tests="1" failures="0" timestamp="2020-11-26T22:27:42 ICT" time="0.000" errors="0">
  <testcase name="test1" time="0.000" classname="utils.ExcelDataProvider">
    <skipped/>
  </testcase> <!-- test1 -->
  <system-out/>
</testsuite> <!-- utils.ExcelDataProvider -->
