<?xml version="1.0" encoding="UTF-8"?>
<!-- Generated by org.testng.reporters.JUnitReportReporter -->
<testsuite skipped="0" hostname="DESKTOP-JULTTG6" name="testNG.test_ASM1_User_Insert" tests="4" failures="0" timestamp="2020-11-27T22:25:24 ICT" time="30.427" errors="0">
  <testcase name="lauchBrowser" time="3.854" classname="testNG.test_ASM1_User_Insert"/>
  <system-out/>
  <testcase name="do_Insert" time="8.793" classname="testNG.test_ASM1_User_Insert"/>
  <system-out/>
  <testcase name="do_Insert" time="9.055" classname="testNG.test_ASM1_User_Insert"/>
  <system-out/>
  <testcase name="do_Insert" time="8.725" classname="testNG.test_ASM1_User_Insert"/>
  <system-out/>
</testsuite> <!-- testNG.test_ASM1_User_Insert -->
