<?xml version="1.0" encoding="UTF-8"?>
<!-- Generated by org.testng.reporters.JUnitReportReporter -->
<testsuite skipped="0" hostname="DESKTOP-JULTTG6" name="testNG.test_ASM1" tests="4" failures="0" timestamp="09 Oct 2020 11:21:46 GMT" time="28.908" errors="0">
  <testcase name="checkInsertUser" time="8.243" classname="testNG.test_ASM1"/>
  <testcase name="checkLogin" time="10.601" classname="testNG.test_ASM1"/>
  <testcase name="checkLogin_1" time="10.063" classname="testNG.test_ASM1"/>
  <testcase name="testDeleteUser" time="0.001" classname="testNG.test_ASM1"/>
</testsuite> <!-- testNG.test_ASM1 -->
