<?xml version="1.0" encoding="UTF-8"?>
<!-- Generated by org.testng.reporters.JUnitReportReporter -->
<testsuite skipped="1" hostname="DESKTOP-JULTTG6" name="testNG.test_ASM1_User_Update" tests="3" failures="0" timestamp="2020-11-26T22:48:10 ICT" time="4.545" errors="0">
  <testcase name="lauchBrowser" time="3.508" classname="testNG.test_ASM1_User_Update"/>
  <system-out/>
  <testcase name="reach_Update" time="1.037" classname="testNG.test_ASM1_User_Update"/>
  <system-out/>
  <testcase name="do_Update" time="0.000" classname="testNG.test_ASM1_User_Update">
    <skipped/>
  </testcase> <!-- do_Update -->
  <system-out/>
</testsuite> <!-- testNG.test_ASM1_User_Update -->
